[debug] [2018-07-15T16:35:26.652Z] ----------------------------------------------------------------------
[debug] [2018-07-15T16:35:26.656Z] Command:       /usr/local/bin/node /usr/local/bin/firebase deploy
[debug] [2018-07-15T16:35:26.656Z] CLI Version:   3.19.0
[debug] [2018-07-15T16:35:26.656Z] Platform:      darwin
[debug] [2018-07-15T16:35:26.656Z] Node Version:  v8.9.3
[debug] [2018-07-15T16:35:26.658Z] Time:          Sun Jul 15 2018 16:35:26 GMT+0000 (GMT)
[debug] [2018-07-15T16:35:26.658Z] ----------------------------------------------------------------------
[debug] 
[debug] [2018-07-15T16:35:26.681Z] > command requires scopes: ["email","openid","https://www.googleapis.com/auth/cloudplatformprojects.readonly","https://www.googleapis.com/auth/firebase","https://www.googleapis.com/auth/cloud-platform"]
[debug] [2018-07-15T16:35:26.681Z] > authorizing via signed-in user
[debug] [2018-07-15T16:35:26.683Z] > refreshing access token with scopes: ["email","https://www.googleapis.com/auth/cloud-platform","https://www.googleapis.com/auth/cloudplatformprojects.readonly","https://www.googleapis.com/auth/firebase","openid"]
[debug] [2018-07-15T16:35:26.683Z] >>> HTTP REQUEST POST https://www.googleapis.com/oauth2/v3/token  
 { refresh_token: '1/kNZOw3xp96-xSYvusGIR2jW9k95WzKuA04i_AtOgrjRv9VUtyrIWjIfcDCWQ18E1',
  client_id: '563584335869-fgrhgmd47bqnekij5i8b5pr03ho849e6.apps.googleusercontent.com',
  client_secret: 'j9iVZfS8kkCEFUPaAeJV0sAi',
  grant_type: 'refresh_token',
  scope: 'email https://www.googleapis.com/auth/cloud-platform https://www.googleapis.com/auth/cloudplatformprojects.readonly https://www.googleapis.com/auth/firebase openid' } 
 Sun Jul 15 2018 16:35:26 GMT+0000 (GMT)
[debug] [2018-07-15T16:35:27.432Z] <<< HTTP RESPONSE 200
[debug] [2018-07-15T16:35:27.453Z] >>> HTTP REQUEST GET https://admin.firebase.com/v1/projects/yrbk-d734e  
  
 Sun Jul 15 2018 16:35:27 GMT+0000 (GMT)
[debug] [2018-07-15T16:35:28.892Z] <<< HTTP RESPONSE 200
[debug] [2018-07-15T16:35:28.894Z] >>> HTTP REQUEST GET https://admin.firebase.com/v1/database/yrbk-d734e/tokens  
  
 Sun Jul 15 2018 16:35:28 GMT+0000 (GMT)
[debug] [2018-07-15T16:35:30.112Z] <<< HTTP RESPONSE 200
[info] 
[info] === Deploying to 'yrbk-d734e'...
[info] 
[info] i  deploying database, storage, hosting
[info] i  database: checking rules syntax...
[debug] [2018-07-15T16:35:31.613Z] >>> HTTP REQUEST PUT https://yrbk-d734e.firebaseio.com/.settings/rules.json?dryRun=true  
 {
  "rules": {
    ".read": "auth != null",
    ".write": "auth != null"
  }
}
 
 Sun Jul 15 2018 16:35:31 GMT+0000 (GMT)
[debug] [2018-07-15T16:35:32.810Z] <<< HTTP RESPONSE 200
[info] ✔  database: rules syntax for database yrbk-d734e is valid
[debug] [2018-07-15T16:35:32.812Z] >>> HTTP REQUEST GET https://appengine.googleapis.com/v1/apps/yrbk-d734e  
  
 Sun Jul 15 2018 16:35:32 GMT+0000 (GMT)
[debug] [2018-07-15T16:35:36.646Z] <<< HTTP RESPONSE 200
[info] i  storage: checking storage.rules for compilation errors...
[debug] [2018-07-15T16:35:36.651Z] >>> HTTP REQUEST POST https://firebaserules.googleapis.com/v1/projects/yrbk-d734e:test  
 { source: { files: [ [Object] ] } } 
 Sun Jul 15 2018 16:35:36 GMT+0000 (GMT)
[debug] [2018-07-15T16:35:38.441Z] <<< HTTP RESPONSE 200
[info] ✔  storage: rules file storage.rules compiled successfully
[info] i  storage: uploading rules storage.rules...
[debug] [2018-07-15T16:35:38.446Z] >>> HTTP REQUEST POST https://firebaserules.googleapis.com/v1/projects/yrbk-d734e/rulesets  
 { source: { files: [ [Object] ] } } 
 Sun Jul 15 2018 16:35:38 GMT+0000 (GMT)
[debug] [2018-07-15T16:35:39.909Z] <<< HTTP RESPONSE 200
[debug] [2018-07-15T16:35:39.910Z] [rules] created ruleset projects/yrbk-d734e/rulesets/49eb5741-ea96-4d3b-8f2c-609ac3208223
[info] i  hosting: preparing public directory for upload...
[debug] [2018-07-15T16:35:55.606Z] >>> HTTP REQUEST PUT https://deploy.firebase.com/v1/hosting/yrbk-d734e/uploads/-LHTn1na2MZANshH1RYx?fileCount=1131&message=  
  
 Sun Jul 15 2018 16:35:55 GMT+0000 (GMT)
